1633942222937	geckodriver	INFO	Listening on 127.0.0.1:60614
1633942226013	mozrunner::runner	INFO	Running command: "C:\\Program Files (x86)\\Mozilla Firefox\\firefox.exe" "--marionette" "-no-remote" "-profile" "C:\\Users\\Fabienne\\AppData\\Local\\Temp\\rust_mozprofileMmlYZi"
1633942226531	Marionette	INFO	Marionette enabled
console.warn: SearchSettings: "get: No settings file exists, new profile?" (new NotFoundError("Could not open the file at C:\\Users\\Fabienne\\AppData\\Local\\Temp\\rust_mozprofileMmlYZi\\search.json.mozlz4", (void 0)))
1633942228849	Marionette	INFO	Listening on port 60622
1633942229198	RemoteAgent	WARN	TLS certificate errors will be ignored for this session
1633942240358	Marionette	INFO	Stopped listening on port 60622
JavaScript error: resource:///modules/Interactions.jsm, line 201: NS_ERROR_FAILURE: Component returned failure code: 0x80004005 (NS_ERROR_FAILURE) [nsIUserIdleService.removeIdleObserver]
[Parent 22008, IPC I/O Parent] WARNING: file /builds/worker/checkouts/gecko/ipc/chromium/src/base/process_util_win.cc:167
1633953436718	geckodriver	INFO	Listening on 127.0.0.1:54754
1633953439765	mozrunner::runner	INFO	Running command: "C:\\Program Files (x86)\\Mozilla Firefox\\firefox.exe" "--marionette" "-no-remote" "-profile" "C:\\Users\\Fabienne\\AppData\\Local\\Temp\\rust_mozprofileYOLxCg"
1633953440452	Marionette	INFO	Marionette enabled
console.warn: SearchSettings: "get: No settings file exists, new profile?" (new NotFoundError("Could not open the file at C:\\Users\\Fabienne\\AppData\\Local\\Temp\\rust_mozprofileYOLxCg\\search.json.mozlz4", (void 0)))
1633953442748	Marionette	INFO	Listening on port 54762
1633953442920	RemoteAgent	WARN	TLS certificate errors will be ignored for this session
1633953454975	Marionette	INFO	Stopped listening on port 54762
JavaScript error: resource:///modules/Interactions.jsm, line 201: NS_ERROR_FAILURE: Component returned failure code: 0x80004005 (NS_ERROR_FAILURE) [nsIUserIdleService.removeIdleObserver]

###!!! [Parent][MessageChannel] Error: (msgtype=0x39007A,name=PContent::Msg_DestroyBrowsingContextGroup) Closed channel: cannot send/recv


###!!! [Child][RunMessage] Error: Channel closing: too late to send/recv, messages will be lost

1633953552378	geckodriver	INFO	Listening on 127.0.0.1:55802
1633953555413	mozrunner::runner	INFO	Running command: "C:\\Program Files (x86)\\Mozilla Firefox\\firefox.exe" "--marionette" "-no-remote" "-profile" "C:\\Users\\Fabienne\\AppData\\Local\\Temp\\rust_mozprofileAd8LVV"
1633953555814	Marionette	INFO	Marionette enabled
console.warn: SearchSettings: "get: No settings file exists, new profile?" (new NotFoundError("Could not open the file at C:\\Users\\Fabienne\\AppData\\Local\\Temp\\rust_mozprofileAd8LVV\\search.json.mozlz4", (void 0)))
1633953557878	Marionette	INFO	Listening on port 65395
1633953558070	RemoteAgent	WARN	TLS certificate errors will be ignored for this session
1633953563175	Marionette	INFO	Stopped listening on port 65395
JavaScript error: resource:///modules/Interactions.jsm, line 201: NS_ERROR_FAILURE: Component returned failure code: 0x80004005 (NS_ERROR_FAILURE) [nsIUserIdleService.removeIdleObserver]
1633953563953	geckodriver	INFO	Listening on 127.0.0.1:65463
1633953567034	mozrunner::runner	INFO	Running command: "C:\\Program Files (x86)\\Mozilla Firefox\\firefox.exe" "--marionette" "-no-remote" "-profile" "C:\\Users\\Fabienne\\AppData\\Local\\Temp\\rust_mozprofilexIcjGY"
1633953567422	Marionette	INFO	Marionette enabled
console.warn: SearchSettings: "get: No settings file exists, new profile?" (new NotFoundError("Could not open the file at C:\\Users\\Fabienne\\AppData\\Local\\Temp\\rust_mozprofilexIcjGY\\search.json.mozlz4", (void 0)))
1633953569429	Marionette	INFO	Listening on port 65471
1633953569683	RemoteAgent	WARN	TLS certificate errors will be ignored for this session
1633953574643	Marionette	INFO	Stopped listening on port 65471
JavaScript error: resource:///modules/Interactions.jsm, line 201: NS_ERROR_FAILURE: Component returned failure code: 0x80004005 (NS_ERROR_FAILURE) [nsIUserIdleService.removeIdleObserver]

###!!! [Child][MessageChannel] Error: (msgtype=0x590004,name=PHttpChannel::Msg_Cancel) Channel closing: too late to send/recv, messages will be lost


###!!! [Child][MessageChannel] Error: (msgtype=0x590008,name=PHttpChannel::Msg_DeletingChannel) Channel closing: too late to send/recv, messages will be lost

[Parent 2888, IPC I/O Parent] WARNING: file /builds/worker/checkouts/gecko/ipc/chromium/src/base/process_util_win.cc:167
1633953629660	geckodriver	INFO	Listening on 127.0.0.1:55051
1633953632741	mozrunner::runner	INFO	Running command: "C:\\Program Files (x86)\\Mozilla Firefox\\firefox.exe" "--marionette" "-no-remote" "-profile" "C:\\Users\\Fabienne\\AppData\\Local\\Temp\\rust_mozprofilewFmyVQ"
1633953633147	Marionette	INFO	Marionette enabled
console.warn: SearchSettings: "get: No settings file exists, new profile?" (new NotFoundError("Could not open the file at C:\\Users\\Fabienne\\AppData\\Local\\Temp\\rust_mozprofilewFmyVQ\\search.json.mozlz4", (void 0)))
1633953635081	Marionette	INFO	Listening on port 64550
1633953635396	RemoteAgent	WARN	TLS certificate errors will be ignored for this session
1633953641597	Marionette	INFO	Stopped listening on port 64550
JavaScript error: resource:///modules/Interactions.jsm, line 201: NS_ERROR_FAILURE: Component returned failure code: 0x80004005 (NS_ERROR_FAILURE) [nsIUserIdleService.removeIdleObserver]
1633953703823	geckodriver	INFO	Listening on 127.0.0.1:54866
1633953706883	mozrunner::runner	INFO	Running command: "C:\\Program Files (x86)\\Mozilla Firefox\\firefox.exe" "--marionette" "-no-remote" "-profile" "C:\\Users\\Fabienne\\AppData\\Local\\Temp\\rust_mozprofilemp7Yn9"
1633953707289	Marionette	INFO	Marionette enabled
console.warn: SearchSettings: "get: No settings file exists, new profile?" (new NotFoundError("Could not open the file at C:\\Users\\Fabienne\\AppData\\Local\\Temp\\rust_mozprofilemp7Yn9\\search.json.mozlz4", (void 0)))
1633953709355	Marionette	INFO	Listening on port 54875
1633953709544	RemoteAgent	WARN	TLS certificate errors will be ignored for this session
1633953717001	Marionette	INFO	Stopped listening on port 54875
JavaScript error: resource:///modules/Interactions.jsm, line 201: NS_ERROR_FAILURE: Component returned failure code: 0x80004005 (NS_ERROR_FAILURE) [nsIUserIdleService.removeIdleObserver]

###!!! [Child][RunMessage] Error: Channel closing: too late to send/recv, messages will be lost


###!!! [Parent][MessageChannel] Error: (msgtype=0x39007A,name=PContent::Msg_DestroyBrowsingContextGroup) Closed channel: cannot send/recv


###!!! [Child][MessageChannel] Error: (msgtype=0x23002F,name=PBrowser::Msg___delete__) Channel closing: too late to send/recv, messages will be lost

1633953778655	geckodriver	INFO	Listening on 127.0.0.1:52276
1633953781744	mozrunner::runner	INFO	Running command: "C:\\Program Files (x86)\\Mozilla Firefox\\firefox.exe" "--marionette" "-no-remote" "-profile" "C:\\Users\\Fabienne\\AppData\\Local\\Temp\\rust_mozprofileMikUyf"
1633953782138	Marionette	INFO	Marionette enabled
console.warn: SearchSettings: "get: No settings file exists, new profile?" (new NotFoundError("Could not open the file at C:\\Users\\Fabienne\\AppData\\Local\\Temp\\rust_mozprofileMikUyf\\search.json.mozlz4", (void 0)))
1633953784267	Marionette	INFO	Listening on port 52286
1633953784409	RemoteAgent	WARN	TLS certificate errors will be ignored for this session
1633953789366	Marionette	INFO	Stopped listening on port 52286
JavaScript error: resource:///modules/Interactions.jsm, line 201: NS_ERROR_FAILURE: Component returned failure code: 0x80004005 (NS_ERROR_FAILURE) [nsIUserIdleService.removeIdleObserver]
[Parent 15264, IPC I/O Parent] WARNING: file /builds/worker/checkouts/gecko/ipc/chromium/src/base/process_util_win.cc:167
1633953905661	geckodriver	INFO	Listening on 127.0.0.1:58826
1633953908732	mozrunner::runner	INFO	Running command: "C:\\Program Files (x86)\\Mozilla Firefox\\firefox.exe" "--marionette" "-no-remote" "-profile" "C:\\Users\\Fabienne\\AppData\\Local\\Temp\\rust_mozprofile7guJAD"
1633953909112	Marionette	INFO	Marionette enabled
console.warn: SearchSettings: "get: No settings file exists, new profile?" (new NotFoundError("Could not open the file at C:\\Users\\Fabienne\\AppData\\Local\\Temp\\rust_mozprofile7guJAD\\search.json.mozlz4", (void 0)))
1633953911214	Marionette	INFO	Listening on port 58834
1633953911374	RemoteAgent	WARN	TLS certificate errors will be ignored for this session
1633953916376	Marionette	INFO	Stopped listening on port 58834
JavaScript error: resource:///modules/Interactions.jsm, line 201: NS_ERROR_FAILURE: Component returned failure code: 0x80004005 (NS_ERROR_FAILURE) [nsIUserIdleService.removeIdleObserver]
[Parent 17316, IPC I/O Parent] WARNING: file /builds/worker/checkouts/gecko/ipc/chromium/src/base/process_util_win.cc:167
1633953954994	geckodriver	INFO	Listening on 127.0.0.1:61554
1633953958076	mozrunner::runner	INFO	Running command: "C:\\Program Files (x86)\\Mozilla Firefox\\firefox.exe" "--marionette" "-no-remote" "-profile" "C:\\Users\\Fabienne\\AppData\\Local\\Temp\\rust_mozprofile8nwG0Z"
1633953958459	Marionette	INFO	Marionette enabled
console.warn: SearchSettings: "get: No settings file exists, new profile?" (new NotFoundError("Could not open the file at C:\\Users\\Fabienne\\AppData\\Local\\Temp\\rust_mozprofile8nwG0Z\\search.json.mozlz4", (void 0)))
1633953960547	Marionette	INFO	Listening on port 61563
1633953960748	RemoteAgent	WARN	TLS certificate errors will be ignored for this session
1633953965846	Marionette	INFO	Stopped listening on port 61563
JavaScript error: resource:///modules/Interactions.jsm, line 201: NS_ERROR_FAILURE: Component returned failure code: 0x80004005 (NS_ERROR_FAILURE) [nsIUserIdleService.removeIdleObserver]
1633954072861	geckodriver	INFO	Listening on 127.0.0.1:63250
1633954075922	mozrunner::runner	INFO	Running command: "C:\\Program Files (x86)\\Mozilla Firefox\\firefox.exe" "--marionette" "-no-remote" "-profile" "C:\\Users\\Fabienne\\AppData\\Local\\Temp\\rust_mozprofilepOkTBM"
1633954076323	Marionette	INFO	Marionette enabled
console.warn: SearchSettings: "get: No settings file exists, new profile?" (new NotFoundError("Could not open the file at C:\\Users\\Fabienne\\AppData\\Local\\Temp\\rust_mozprofilepOkTBM\\search.json.mozlz4", (void 0)))
1633954078413	Marionette	INFO	Listening on port 51759
1633954078589	RemoteAgent	WARN	TLS certificate errors will be ignored for this session
1633954083523	Marionette	INFO	Stopped listening on port 51759
JavaScript error: resource:///modules/Interactions.jsm, line 201: NS_ERROR_FAILURE: Component returned failure code: 0x80004005 (NS_ERROR_FAILURE) [nsIUserIdleService.removeIdleObserver]
[Parent 19476, IPC I/O Parent] WARNING: file /builds/worker/checkouts/gecko/ipc/chromium/src/base/process_util_win.cc:167
1633954177354	geckodriver	INFO	Listening on 127.0.0.1:53745
1633954180389	mozrunner::runner	INFO	Running command: "C:\\Program Files (x86)\\Mozilla Firefox\\firefox.exe" "--marionette" "-no-remote" "-profile" "C:\\Users\\Fabienne\\AppData\\Local\\Temp\\rust_mozprofile3MWhPl"
1633954180819	Marionette	INFO	Marionette enabled
console.warn: SearchSettings: "get: No settings file exists, new profile?" (new NotFoundError("Could not open the file at C:\\Users\\Fabienne\\AppData\\Local\\Temp\\rust_mozprofile3MWhPl\\search.json.mozlz4", (void 0)))
1633954182900	Marionette	INFO	Listening on port 53753
1633954183111	RemoteAgent	WARN	TLS certificate errors will be ignored for this session
1633954188111	Marionette	INFO	Stopped listening on port 53753
JavaScript error: resource:///modules/Interactions.jsm, line 201: NS_ERROR_FAILURE: Component returned failure code: 0x80004005 (NS_ERROR_FAILURE) [nsIUserIdleService.removeIdleObserver]

###!!! [Child][RunMessage] Error: Channel closing: too late to send/recv, messages will be lost

[Parent 27272, IPC I/O Parent] WARNING: file /builds/worker/checkouts/gecko/ipc/chromium/src/base/process_util_win.cc:167
1633954315338	geckodriver	INFO	Listening on 127.0.0.1:62766
1633954318380	mozrunner::runner	INFO	Running command: "C:\\Program Files (x86)\\Mozilla Firefox\\firefox.exe" "--marionette" "-no-remote" "-profile" "C:\\Users\\Fabienne\\AppData\\Local\\Temp\\rust_mozprofileevs1gG"
1633954318772	Marionette	INFO	Marionette enabled
console.warn: SearchSettings: "get: No settings file exists, new profile?" (new NotFoundError("Could not open the file at C:\\Users\\Fabienne\\AppData\\Local\\Temp\\rust_mozprofileevs1gG\\search.json.mozlz4", (void 0)))
1633954320805	Marionette	INFO	Listening on port 62774
1633954321045	RemoteAgent	WARN	TLS certificate errors will be ignored for this session
1633954326049	Marionette	INFO	Stopped listening on port 62774
JavaScript error: resource:///modules/Interactions.jsm, line 201: NS_ERROR_FAILURE: Component returned failure code: 0x80004005 (NS_ERROR_FAILURE) [nsIUserIdleService.removeIdleObserver]
